2024-07-23T12:06:16.747Z ' INFO [accounts,,] 1 --- [accounts] [main] [                                                 ] c.j.accounts.AccountsApplication         : Starting AccountsApplication v0.0.1-SNAPSHOT using Java 17.0.2 with PID 1 (/accounts-0.0.1-SNAPSHOT.jar started by root in /)
2024-07-23T12:06:16.778Z ' INFO [accounts,,] 1 --- [accounts] [main] [                                                 ] c.j.accounts.AccountsApplication         : No active profile set, falling back to 1 default profile: "default"
2024-07-23T12:06:20.948Z ' INFO [accounts,,] 1 --- [accounts] [main] [                                                 ] .s.d.r.c.RepositoryConfigurationDelegate : Bootstrapping Spring Data JPA repositories in DEFAULT mode.
2024-07-23T12:06:21.318Z ' INFO [accounts,,] 1 --- [accounts] [main] [                                                 ] .s.d.r.c.RepositoryConfigurationDelegate : Finished Spring Data repository scanning in 345 ms. Found 2 JPA repository interfaces.
2024-07-23T12:06:22.252Z ' INFO [accounts,,] 1 --- [accounts] [main] [                                                 ] o.s.cloud.context.scope.GenericScope     : BeanFactory id=2aa92ec5-253b-36c4-9a1a-968cd6081c4f
2024-07-23T12:06:23.148Z ' WARN [accounts,,] 1 --- [accounts] [main] [                                                 ] trationDelegate$BeanPostProcessorChecker : Bean 'org.springframework.cloud.client.loadbalancer.LoadBalancerAutoConfiguration$DeferringLoadBalancerInterceptorConfig' of type [org.springframework.cloud.client.loadbalancer.LoadBalancerAutoConfiguration$DeferringLoadBalancerInterceptorConfig] is not eligible for getting processed by all BeanPostProcessors (for example: not eligible for auto-proxying). The currently created BeanPostProcessor [lbRestClientPostProcessor] is declared through a non-static factory method on that class; consider declaring it as static instead.
2024-07-23T12:06:23.189Z ' WARN [accounts,,] 1 --- [accounts] [main] [                                                 ] trationDelegate$BeanPostProcessorChecker : Bean 'deferringLoadBalancerInterceptor' of type [org.springframework.cloud.client.loadbalancer.DeferringLoadBalancerInterceptor] is not eligible for getting processed by all BeanPostProcessors (for example: not eligible for auto-proxying). Is this bean getting eagerly injected into a currently created BeanPostProcessor [lbRestClientPostProcessor]? Check the corresponding BeanPostProcessor declaration and its dependencies.
2024-07-23T12:06:24.289Z ' INFO [accounts,,] 1 --- [accounts] [main] [                                                 ] o.s.b.w.embedded.tomcat.TomcatWebServer  : Tomcat initialized with port 9003 (http)
2024-07-23T12:06:24.317Z ' INFO [accounts,,] 1 --- [accounts] [main] [                                                 ] o.apache.catalina.core.StandardService   : Starting service [Tomcat]
2024-07-23T12:06:24.320Z ' INFO [accounts,,] 1 --- [accounts] [main] [                                                 ] o.apache.catalina.core.StandardEngine    : Starting Servlet engine: [Apache Tomcat/10.1.24]
2024-07-23T12:06:24.445Z ' INFO [accounts,,] 1 --- [accounts] [main] [                                                 ] o.a.c.c.C.[Tomcat].[localhost].[/]       : Initializing Spring embedded WebApplicationContext
2024-07-23T12:06:24.446Z ' INFO [accounts,,] 1 --- [accounts] [main] [                                                 ] w.s.c.ServletWebServerApplicationContext : Root WebApplicationContext: initialization completed in 7439 ms
2024-07-23T12:06:25.837Z ' INFO [accounts,,] 1 --- [accounts] [main] [                                                 ] com.zaxxer.hikari.HikariDataSource       : HikariPool-1 - Starting...
2024-07-23T12:06:26.070Z ' INFO [accounts,,] 1 --- [accounts] [main] [                                                 ] com.zaxxer.hikari.pool.HikariPool        : HikariPool-1 - Added connection conn0: url=jdbc:h2:mem:accountsdb user=ADMIN
2024-07-23T12:06:26.083Z ' INFO [accounts,,] 1 --- [accounts] [main] [                                                 ] com.zaxxer.hikari.HikariDataSource       : HikariPool-1 - Start completed.
2024-07-23T12:06:26.119Z ' INFO [accounts,,] 1 --- [accounts] [main] [                                                 ] o.s.b.a.h2.H2ConsoleAutoConfiguration    : H2 console available at '/h2-console'. Database available at 'jdbc:h2:mem:accountsdb'
2024-07-23T12:06:26.724Z ' INFO [accounts,,] 1 --- [accounts] [main] [                                                 ] o.hibernate.jpa.internal.util.LogHelper  : HHH000204: Processing PersistenceUnitInfo [name: default]
2024-07-23T12:06:26.788Z ' INFO [accounts,,] 1 --- [accounts] [main] [                                                 ] org.hibernate.Version                    : HHH000412: Hibernate ORM core version 6.5.2.Final
2024-07-23T12:06:26.831Z ' INFO [accounts,,] 1 --- [accounts] [main] [                                                 ] o.h.c.internal.RegionFactoryInitiator    : HHH000026: Second-level cache disabled
2024-07-23T12:06:27.038Z ' INFO [accounts,,] 1 --- [accounts] [main] [                                                 ] o.s.o.j.p.SpringPersistenceUnitInfo      : No LoadTimeWeaver setup: ignoring JPA class transformer
2024-07-23T12:06:28.060Z ' INFO [accounts,,] 1 --- [accounts] [main] [                                                 ] o.h.e.t.j.p.i.JtaPlatformInitiator       : HHH000489: No JTA platform available (set 'hibernate.transaction.jta.platform' to enable JTA platform integration)
2024-07-23T12:06:28.124Z ' INFO [accounts,,] 1 --- [accounts] [main] [                                                 ] j.LocalContainerEntityManagerFactoryBean : Initialized JPA EntityManagerFactory for persistence unit 'default'
2024-07-23T12:06:28.834Z ' WARN [accounts,,] 1 --- [accounts] [main] [                                                 ] JpaBaseConfiguration$JpaWebConfiguration : spring.jpa.open-in-view is enabled by default. Therefore, database queries may be performed during view rendering. Explicitly configure spring.jpa.open-in-view to disable this warning
2024-07-23T12:06:29.005Z ' INFO [accounts,,] 1 --- [accounts] [main] [                                                 ] o.s.c.openfeign.FeignClientFactoryBean   : For 'CARDS' URL not provided. Will try picking an instance via load-balancing.
2024-07-23T12:06:29.306Z ' INFO [accounts,,] 1 --- [accounts] [main] [                                                 ] o.s.c.openfeign.FeignClientFactoryBean   : For 'LOANS' URL not provided. Will try picking an instance via load-balancing.
2024-07-23T12:06:30.441Z ' INFO [accounts,,] 1 --- [accounts] [main] [                                                 ] DiscoveryClientOptionalArgsConfiguration : Eureka HTTP Client uses RestTemplate.
2024-07-23T12:06:30.485Z ' WARN [accounts,,] 1 --- [accounts] [main] [                                                 ] iguration$LoadBalancerCaffeineWarnLogger : Spring Cloud LoadBalancer is currently working with the default cache. While this cache implementation is useful for development and tests, it's recommended to use Caffeine cache in production.You can switch to using Caffeine cache, by adding it and org.springframework.cache.caffeine.CaffeineCacheManager to the classpath.
2024-07-23T12:06:30.507Z ' INFO [accounts,,] 1 --- [accounts] [main] [                                                 ] o.s.b.a.e.web.EndpointLinksResolver      : Exposing 27 endpoints beneath base path '/actuator'
2024-07-23T12:06:30.560Z ' INFO [accounts,,] 1 --- [accounts] [main] [                                                 ] o.s.c.n.eureka.InstanceInfoFactory       : Setting initial instance status as: STARTING
2024-07-23T12:06:30.582Z ' INFO [accounts,,] 1 --- [accounts] [main] [                                                 ] com.netflix.discovery.DiscoveryClient    : Initializing Eureka in region us-east-1
2024-07-23T12:06:30.585Z ' INFO [accounts,,] 1 --- [accounts] [main] [                                                 ] c.n.d.s.r.aws.ConfigClusterResolver      : Resolving eureka endpoints via configuration
2024-07-23T12:06:30.592Z ' INFO [accounts,,] 1 --- [accounts] [main] [                                                 ] com.netflix.discovery.DiscoveryClient    : Disable delta property : false
2024-07-23T12:06:30.592Z ' INFO [accounts,,] 1 --- [accounts] [main] [                                                 ] com.netflix.discovery.DiscoveryClient    : Single vip registry refresh property : null
2024-07-23T12:06:30.593Z ' INFO [accounts,,] 1 --- [accounts] [main] [                                                 ] com.netflix.discovery.DiscoveryClient    : Force full registry fetch : false
2024-07-23T12:06:30.593Z ' INFO [accounts,,] 1 --- [accounts] [main] [                                                 ] com.netflix.discovery.DiscoveryClient    : Application is null : false
2024-07-23T12:06:30.593Z ' INFO [accounts,,] 1 --- [accounts] [main] [                                                 ] com.netflix.discovery.DiscoveryClient    : Registered Applications size is zero : true
2024-07-23T12:06:30.594Z ' INFO [accounts,,] 1 --- [accounts] [main] [                                                 ] com.netflix.discovery.DiscoveryClient    : Application version is -1: true
2024-07-23T12:06:30.594Z ' INFO [accounts,,] 1 --- [accounts] [main] [                                                 ] com.netflix.discovery.DiscoveryClient    : Getting all instance registry info from the eureka server
2024-07-23T12:06:30.746Z ' INFO [accounts,,] 1 --- [accounts] [main] [                                                 ] com.netflix.discovery.DiscoveryClient    : The response status is 200
2024-07-23T12:06:30.749Z ' INFO [accounts,,] 1 --- [accounts] [main] [                                                 ] com.netflix.discovery.DiscoveryClient    : Starting heartbeat executor: renew interval is: 30
2024-07-23T12:06:30.750Z ' INFO [accounts,,] 1 --- [accounts] [main] [                                                 ] c.n.discovery.InstanceInfoReplicator     : InstanceInfoReplicator onDemand update allowed rate per min is 4
2024-07-23T12:06:30.752Z ' INFO [accounts,,] 1 --- [accounts] [main] [                                                 ] com.netflix.discovery.DiscoveryClient    : Discovery Client initialized at timestamp 1721736390752 with initial instances count: 2
2024-07-23T12:06:30.758Z ' INFO [accounts,,] 1 --- [accounts] [main] [                                                 ] o.s.c.n.e.s.EurekaServiceRegistry        : Registering application ACCOUNTS with eureka with status UP
2024-07-23T12:06:30.758Z ' INFO [accounts,,] 1 --- [accounts] [main] [                                                 ] com.netflix.discovery.DiscoveryClient    : Saw local status change event StatusChangeEvent [timestamp=1721736390758, current=UP, previous=STARTING]
2024-07-23T12:06:30.760Z ' INFO [accounts,,] 1 --- [accounts] [DiscoveryClient-InstanceInfoReplicator-%d] [                                                 ] com.netflix.discovery.DiscoveryClient    : DiscoveryClient_ACCOUNTS/dfe97f550cbf:accounts:9003: registering service...
2024-07-23T12:06:30.771Z ' INFO [accounts,,] 1 --- [accounts] [main] [                                                 ] o.s.b.w.embedded.tomcat.TomcatWebServer  : Tomcat started on port 9003 (http) with context path '/'
2024-07-23T12:06:30.774Z ' INFO [accounts,,] 1 --- [accounts] [main] [                                                 ] .s.c.n.e.s.EurekaAutoServiceRegistration : Updating port to 9003
2024-07-23T12:06:30.796Z ' INFO [accounts,,] 1 --- [accounts] [main] [                                                 ] c.j.accounts.AccountsApplication         : Started AccountsApplication in 15.604 seconds (process running for 17.803)
2024-07-23T12:06:30.797Z ' INFO [accounts,,] 1 --- [accounts] [DiscoveryClient-InstanceInfoReplicator-%d] [                                                 ] com.netflix.discovery.DiscoveryClient    : DiscoveryClient_ACCOUNTS/dfe97f550cbf:accounts:9003 - registration status: 204
2024-07-23T12:06:31.229Z ' INFO [accounts,,] 1 --- [accounts] [http-nio-9003-exec-1] [                                                 ] o.a.c.c.C.[Tomcat].[localhost].[/]       : Initializing Spring DispatcherServlet 'dispatcherServlet'
2024-07-23T12:06:31.229Z ' INFO [accounts,,] 1 --- [accounts] [http-nio-9003-exec-1] [                                                 ] o.s.web.servlet.DispatcherServlet        : Initializing Servlet 'dispatcherServlet'
2024-07-23T12:06:31.230Z ' INFO [accounts,,] 1 --- [accounts] [http-nio-9003-exec-1] [                                                 ] o.s.web.servlet.DispatcherServlet        : Completed initialization in 0 ms
2024-07-23T12:09:54.975Z ' INFO [accounts,,] 1 --- [accounts] [SpringApplicationShutdownHook] [                                                 ] o.s.c.n.e.s.EurekaServiceRegistry        : Unregistering application ACCOUNTS with eureka with status DOWN
2024-07-23T12:09:54.979Z ' INFO [accounts,,] 1 --- [accounts] [SpringApplicationShutdownHook] [                                                 ] com.netflix.discovery.DiscoveryClient    : Saw local status change event StatusChangeEvent [timestamp=1721736594979, current=DOWN, previous=UP]
2024-07-23T12:09:54.986Z ' INFO [accounts,,] 1 --- [accounts] [DiscoveryClient-InstanceInfoReplicator-%d] [                                                 ] com.netflix.discovery.DiscoveryClient    : DiscoveryClient_ACCOUNTS/dfe97f550cbf:accounts:9003: registering service...
2024-07-23T12:09:55.007Z ' INFO [accounts,,] 1 --- [accounts] [DiscoveryClient-InstanceInfoReplicator-%d] [                                                 ] com.netflix.discovery.DiscoveryClient    : DiscoveryClient_ACCOUNTS/dfe97f550cbf:accounts:9003 - registration status: 204
2024-07-23T12:09:55.036Z ' INFO [accounts,,] 1 --- [accounts] [SpringApplicationShutdownHook] [                                                 ] j.LocalContainerEntityManagerFactoryBean : Closing JPA EntityManagerFactory for persistence unit 'default'
2024-07-23T12:09:55.041Z ' INFO [accounts,,] 1 --- [accounts] [SpringApplicationShutdownHook] [                                                 ] com.zaxxer.hikari.HikariDataSource       : HikariPool-1 - Shutdown initiated...
2024-07-23T12:09:55.048Z ' INFO [accounts,,] 1 --- [accounts] [SpringApplicationShutdownHook] [                                                 ] com.zaxxer.hikari.HikariDataSource       : HikariPool-1 - Shutdown completed.
2024-07-23T12:09:55.617Z ' INFO [accounts,,] 1 --- [accounts] [SpringApplicationShutdownHook] [                                                 ] com.netflix.discovery.DiscoveryClient    : Shutting down DiscoveryClient ...
2024-07-23T12:09:58.619Z ' INFO [accounts,,] 1 --- [accounts] [SpringApplicationShutdownHook] [                                                 ] com.netflix.discovery.DiscoveryClient    : Unregistering ...
2024-07-23T12:09:58.634Z ' INFO [accounts,,] 1 --- [accounts] [SpringApplicationShutdownHook] [                                                 ] com.netflix.discovery.DiscoveryClient    : DiscoveryClient_ACCOUNTS/dfe97f550cbf:accounts:9003 - deregister  status: 200
2024-07-23T12:09:58.635Z ' INFO [accounts,,] 1 --- [accounts] [SpringApplicationShutdownHook] [                                                 ] com.netflix.discovery.DiscoveryClient    : Completed shut down of DiscoveryClient
2024-07-23T12:10:23.110Z ' INFO [accounts,,] 1 --- [accounts] [main] [                                                 ] c.j.accounts.AccountsApplication         : Starting AccountsApplication v0.0.1-SNAPSHOT using Java 17.0.2 with PID 1 (/accounts-0.0.1-SNAPSHOT.jar started by root in /)
2024-07-23T12:10:23.138Z ' INFO [accounts,,] 1 --- [accounts] [main] [                                                 ] c.j.accounts.AccountsApplication         : No active profile set, falling back to 1 default profile: "default"
2024-07-23T12:10:27.685Z ' INFO [accounts,,] 1 --- [accounts] [main] [                                                 ] .s.d.r.c.RepositoryConfigurationDelegate : Bootstrapping Spring Data JPA repositories in DEFAULT mode.
2024-07-23T12:10:28.140Z ' INFO [accounts,,] 1 --- [accounts] [main] [                                                 ] .s.d.r.c.RepositoryConfigurationDelegate : Finished Spring Data repository scanning in 411 ms. Found 2 JPA repository interfaces.
2024-07-23T12:10:29.502Z ' INFO [accounts,,] 1 --- [accounts] [main] [                                                 ] o.s.cloud.context.scope.GenericScope     : BeanFactory id=2aa92ec5-253b-36c4-9a1a-968cd6081c4f
2024-07-23T12:10:30.826Z ' WARN [accounts,,] 1 --- [accounts] [main] [                                                 ] trationDelegate$BeanPostProcessorChecker : Bean 'org.springframework.cloud.client.loadbalancer.LoadBalancerAutoConfiguration$DeferringLoadBalancerInterceptorConfig' of type [org.springframework.cloud.client.loadbalancer.LoadBalancerAutoConfiguration$DeferringLoadBalancerInterceptorConfig] is not eligible for getting processed by all BeanPostProcessors (for example: not eligible for auto-proxying). The currently created BeanPostProcessor [lbRestClientPostProcessor] is declared through a non-static factory method on that class; consider declaring it as static instead.
2024-07-23T12:10:30.840Z ' WARN [accounts,,] 1 --- [accounts] [main] [                                                 ] trationDelegate$BeanPostProcessorChecker : Bean 'deferringLoadBalancerInterceptor' of type [org.springframework.cloud.client.loadbalancer.DeferringLoadBalancerInterceptor] is not eligible for getting processed by all BeanPostProcessors (for example: not eligible for auto-proxying). Is this bean getting eagerly injected into a currently created BeanPostProcessor [lbRestClientPostProcessor]? Check the corresponding BeanPostProcessor declaration and its dependencies.
2024-07-23T12:10:31.553Z ' INFO [accounts,,] 1 --- [accounts] [main] [                                                 ] o.s.b.w.embedded.tomcat.TomcatWebServer  : Tomcat initialized with port 9003 (http)
2024-07-23T12:10:31.637Z ' INFO [accounts,,] 1 --- [accounts] [main] [                                                 ] o.apache.catalina.core.StandardService   : Starting service [Tomcat]
2024-07-23T12:10:31.642Z ' INFO [accounts,,] 1 --- [accounts] [main] [                                                 ] o.apache.catalina.core.StandardEngine    : Starting Servlet engine: [Apache Tomcat/10.1.24]
2024-07-23T12:10:31.756Z ' INFO [accounts,,] 1 --- [accounts] [main] [                                                 ] o.a.c.c.C.[Tomcat].[localhost].[/]       : Initializing Spring embedded WebApplicationContext
2024-07-23T12:10:31.757Z ' INFO [accounts,,] 1 --- [accounts] [main] [                                                 ] w.s.c.ServletWebServerApplicationContext : Root WebApplicationContext: initialization completed in 8276 ms
2024-07-23T12:10:33.282Z ' INFO [accounts,,] 1 --- [accounts] [main] [                                                 ] com.zaxxer.hikari.HikariDataSource       : HikariPool-1 - Starting...
2024-07-23T12:10:33.702Z ' INFO [accounts,,] 1 --- [accounts] [main] [                                                 ] com.zaxxer.hikari.pool.HikariPool        : HikariPool-1 - Added connection conn0: url=jdbc:h2:mem:accountsdb user=ADMIN
2024-07-23T12:10:33.717Z ' INFO [accounts,,] 1 --- [accounts] [main] [                                                 ] com.zaxxer.hikari.HikariDataSource       : HikariPool-1 - Start completed.
2024-07-23T12:10:33.752Z ' INFO [accounts,,] 1 --- [accounts] [main] [                                                 ] o.s.b.a.h2.H2ConsoleAutoConfiguration    : H2 console available at '/h2-console'. Database available at 'jdbc:h2:mem:accountsdb'
2024-07-23T12:10:34.568Z ' INFO [accounts,,] 1 --- [accounts] [main] [                                                 ] o.hibernate.jpa.internal.util.LogHelper  : HHH000204: Processing PersistenceUnitInfo [name: default]
2024-07-23T12:10:34.706Z ' INFO [accounts,,] 1 --- [accounts] [main] [                                                 ] org.hibernate.Version                    : HHH000412: Hibernate ORM core version 6.5.2.Final
2024-07-23T12:10:34.808Z ' INFO [accounts,,] 1 --- [accounts] [main] [                                                 ] o.h.c.internal.RegionFactoryInitiator    : HHH000026: Second-level cache disabled
2024-07-23T12:10:35.466Z ' INFO [accounts,,] 1 --- [accounts] [main] [                                                 ] o.s.o.j.p.SpringPersistenceUnitInfo      : No LoadTimeWeaver setup: ignoring JPA class transformer
2024-07-23T12:10:36.388Z ' INFO [accounts,,] 1 --- [accounts] [main] [                                                 ] o.h.e.t.j.p.i.JtaPlatformInitiator       : HHH000489: No JTA platform available (set 'hibernate.transaction.jta.platform' to enable JTA platform integration)
2024-07-23T12:10:36.494Z ' INFO [accounts,,] 1 --- [accounts] [main] [                                                 ] j.LocalContainerEntityManagerFactoryBean : Initialized JPA EntityManagerFactory for persistence unit 'default'
2024-07-23T12:10:37.252Z ' WARN [accounts,,] 1 --- [accounts] [main] [                                                 ] JpaBaseConfiguration$JpaWebConfiguration : spring.jpa.open-in-view is enabled by default. Therefore, database queries may be performed during view rendering. Explicitly configure spring.jpa.open-in-view to disable this warning
2024-07-23T12:10:37.425Z ' INFO [accounts,,] 1 --- [accounts] [main] [                                                 ] o.s.c.openfeign.FeignClientFactoryBean   : For 'CARDS' URL not provided. Will try picking an instance via load-balancing.
2024-07-23T12:10:37.669Z ' INFO [accounts,,] 1 --- [accounts] [main] [                                                 ] o.s.c.openfeign.FeignClientFactoryBean   : For 'LOANS' URL not provided. Will try picking an instance via load-balancing.
2024-07-23T12:10:38.588Z ' INFO [accounts,,] 1 --- [accounts] [main] [                                                 ] DiscoveryClientOptionalArgsConfiguration : Eureka HTTP Client uses RestTemplate.
2024-07-23T12:10:38.629Z ' WARN [accounts,,] 1 --- [accounts] [main] [                                                 ] iguration$LoadBalancerCaffeineWarnLogger : Spring Cloud LoadBalancer is currently working with the default cache. While this cache implementation is useful for development and tests, it's recommended to use Caffeine cache in production.You can switch to using Caffeine cache, by adding it and org.springframework.cache.caffeine.CaffeineCacheManager to the classpath.
2024-07-23T12:10:38.643Z ' INFO [accounts,,] 1 --- [accounts] [main] [                                                 ] o.s.b.a.e.web.EndpointLinksResolver      : Exposing 27 endpoints beneath base path '/actuator'
2024-07-23T12:10:38.702Z ' INFO [accounts,,] 1 --- [accounts] [main] [                                                 ] o.s.c.n.eureka.InstanceInfoFactory       : Setting initial instance status as: STARTING
2024-07-23T12:10:38.718Z ' INFO [accounts,,] 1 --- [accounts] [main] [                                                 ] com.netflix.discovery.DiscoveryClient    : Initializing Eureka in region us-east-1
2024-07-23T12:10:38.721Z ' INFO [accounts,,] 1 --- [accounts] [main] [                                                 ] c.n.d.s.r.aws.ConfigClusterResolver      : Resolving eureka endpoints via configuration
2024-07-23T12:10:38.727Z ' INFO [accounts,,] 1 --- [accounts] [main] [                                                 ] com.netflix.discovery.DiscoveryClient    : Disable delta property : false
2024-07-23T12:10:38.728Z ' INFO [accounts,,] 1 --- [accounts] [main] [                                                 ] com.netflix.discovery.DiscoveryClient    : Single vip registry refresh property : null
2024-07-23T12:10:38.728Z ' INFO [accounts,,] 1 --- [accounts] [main] [                                                 ] com.netflix.discovery.DiscoveryClient    : Force full registry fetch : false
2024-07-23T12:10:38.729Z ' INFO [accounts,,] 1 --- [accounts] [main] [                                                 ] com.netflix.discovery.DiscoveryClient    : Application is null : false
2024-07-23T12:10:38.729Z ' INFO [accounts,,] 1 --- [accounts] [main] [                                                 ] com.netflix.discovery.DiscoveryClient    : Registered Applications size is zero : true
2024-07-23T12:10:38.730Z ' INFO [accounts,,] 1 --- [accounts] [main] [                                                 ] com.netflix.discovery.DiscoveryClient    : Application version is -1: true
2024-07-23T12:10:38.730Z ' INFO [accounts,,] 1 --- [accounts] [main] [                                                 ] com.netflix.discovery.DiscoveryClient    : Getting all instance registry info from the eureka server
2024-07-23T12:10:38.932Z ' INFO [accounts,,] 1 --- [accounts] [main] [                                                 ] com.netflix.discovery.DiscoveryClient    : The response status is 200
2024-07-23T12:10:38.934Z ' INFO [accounts,,] 1 --- [accounts] [main] [                                                 ] com.netflix.discovery.DiscoveryClient    : Starting heartbeat executor: renew interval is: 30
2024-07-23T12:10:38.936Z ' INFO [accounts,,] 1 --- [accounts] [main] [                                                 ] c.n.discovery.InstanceInfoReplicator     : InstanceInfoReplicator onDemand update allowed rate per min is 4
2024-07-23T12:10:38.938Z ' INFO [accounts,,] 1 --- [accounts] [main] [                                                 ] com.netflix.discovery.DiscoveryClient    : Discovery Client initialized at timestamp 1721736638937 with initial instances count: 1
2024-07-23T12:10:38.946Z ' INFO [accounts,,] 1 --- [accounts] [main] [                                                 ] o.s.c.n.e.s.EurekaServiceRegistry        : Registering application ACCOUNTS with eureka with status UP
2024-07-23T12:10:38.949Z ' INFO [accounts,,] 1 --- [accounts] [main] [                                                 ] com.netflix.discovery.DiscoveryClient    : Saw local status change event StatusChangeEvent [timestamp=1721736638949, current=UP, previous=STARTING]
2024-07-23T12:10:38.951Z ' INFO [accounts,,] 1 --- [accounts] [DiscoveryClient-InstanceInfoReplicator-%d] [                                                 ] com.netflix.discovery.DiscoveryClient    : DiscoveryClient_ACCOUNTS/b592f67ae51f:accounts:9003: registering service...
2024-07-23T12:10:38.966Z ' INFO [accounts,,] 1 --- [accounts] [main] [                                                 ] o.s.b.w.embedded.tomcat.TomcatWebServer  : Tomcat started on port 9003 (http) with context path '/'
2024-07-23T12:10:38.968Z ' INFO [accounts,,] 1 --- [accounts] [main] [                                                 ] .s.c.n.e.s.EurekaAutoServiceRegistration : Updating port to 9003
2024-07-23T12:10:38.990Z ' INFO [accounts,,] 1 --- [accounts] [main] [                                                 ] c.j.accounts.AccountsApplication         : Started AccountsApplication in 17.4 seconds (process running for 19.53)
2024-07-23T12:10:38.992Z ' INFO [accounts,,] 1 --- [accounts] [DiscoveryClient-InstanceInfoReplicator-%d] [                                                 ] com.netflix.discovery.DiscoveryClient    : DiscoveryClient_ACCOUNTS/b592f67ae51f:accounts:9003 - registration status: 204
2024-07-23T12:10:43.273Z ' INFO [accounts,,] 1 --- [accounts] [http-nio-9003-exec-1] [                                                 ] o.a.c.c.C.[Tomcat].[localhost].[/]       : Initializing Spring DispatcherServlet 'dispatcherServlet'
2024-07-23T12:10:43.273Z ' INFO [accounts,,] 1 --- [accounts] [http-nio-9003-exec-1] [                                                 ] o.s.web.servlet.DispatcherServlet        : Initializing Servlet 'dispatcherServlet'
2024-07-23T12:10:43.275Z ' INFO [accounts,,] 1 --- [accounts] [http-nio-9003-exec-1] [                                                 ] o.s.web.servlet.DispatcherServlet        : Completed initialization in 0 ms
2024-07-23T12:15:01.238Z ' INFO [accounts,669f9ec5fcd885495134e24b6aef933b,5134e24b6aef933b] 1 --- [accounts] [http-nio-9003-exec-3] [669f9ec5fcd885495134e24b6aef933b-5134e24b6aef933b] c.j.a.controller.AccountsController      : AccountsController :: createAccount 7845698521 
2024-07-23T12:15:38.705Z ' INFO [accounts,,] 1 --- [accounts] [AsyncResolver-bootstrap-executor-%d] [                                                 ] c.n.d.s.r.aws.ConfigClusterResolver      : Resolving eureka endpoints via configuration
2024-07-23T12:20:38.704Z ' INFO [accounts,,] 1 --- [accounts] [AsyncResolver-bootstrap-executor-%d] [                                                 ] c.n.d.s.r.aws.ConfigClusterResolver      : Resolving eureka endpoints via configuration
2024-07-23T12:20:41.432Z ' INFO [accounts,,] 1 --- [accounts] [SpringApplicationShutdownHook] [                                                 ] o.s.c.n.e.s.EurekaServiceRegistry        : Unregistering application ACCOUNTS with eureka with status DOWN
2024-07-23T12:20:41.459Z ' INFO [accounts,,] 1 --- [accounts] [SpringApplicationShutdownHook] [                                                 ] com.netflix.discovery.DiscoveryClient    : Saw local status change event StatusChangeEvent [timestamp=1721737241459, current=DOWN, previous=UP]
2024-07-23T12:20:41.461Z ' INFO [accounts,,] 1 --- [accounts] [DiscoveryClient-InstanceInfoReplicator-%d] [                                                 ] com.netflix.discovery.DiscoveryClient    : DiscoveryClient_ACCOUNTS/b592f67ae51f:accounts:9003: registering service...
2024-07-23T12:20:41.520Z ' INFO [accounts,,] 1 --- [accounts] [SpringApplicationShutdownHook] [                                                 ] j.LocalContainerEntityManagerFactoryBean : Closing JPA EntityManagerFactory for persistence unit 'default'
2024-07-23T12:20:41.527Z ' INFO [accounts,,] 1 --- [accounts] [SpringApplicationShutdownHook] [                                                 ] com.zaxxer.hikari.HikariDataSource       : HikariPool-1 - Shutdown initiated...
2024-07-23T12:20:41.529Z ' INFO [accounts,,] 1 --- [accounts] [DiscoveryClient-InstanceInfoReplicator-%d] [                                                 ] com.netflix.discovery.DiscoveryClient    : DiscoveryClient_ACCOUNTS/b592f67ae51f:accounts:9003 - registration status: 204
2024-07-23T12:20:41.542Z ' INFO [accounts,,] 1 --- [accounts] [SpringApplicationShutdownHook] [                                                 ] com.zaxxer.hikari.HikariDataSource       : HikariPool-1 - Shutdown completed.
2024-07-23T12:20:42.208Z ' INFO [accounts,,] 1 --- [accounts] [SpringApplicationShutdownHook] [                                                 ] com.netflix.discovery.DiscoveryClient    : Shutting down DiscoveryClient ...
2024-07-23T12:20:45.211Z ' INFO [accounts,,] 1 --- [accounts] [SpringApplicationShutdownHook] [                                                 ] com.netflix.discovery.DiscoveryClient    : Unregistering ...
2024-07-23T12:20:45.226Z ' INFO [accounts,,] 1 --- [accounts] [SpringApplicationShutdownHook] [                                                 ] com.netflix.discovery.DiscoveryClient    : DiscoveryClient_ACCOUNTS/b592f67ae51f:accounts:9003 - deregister  status: 200
2024-07-23T12:20:45.227Z ' INFO [accounts,,] 1 --- [accounts] [SpringApplicationShutdownHook] [                                                 ] com.netflix.discovery.DiscoveryClient    : Completed shut down of DiscoveryClient
