2024-07-23T12:06:16.154Z ' INFO [cards,,] 1 --- [cards] [main] [                                                 ] com.javaexpress.cards.CardsApplication   : Starting CardsApplication v0.0.1-SNAPSHOT using Java 17.0.2 with PID 1 (/cards-0.0.1-SNAPSHOT.jar started by root in /)
2024-07-23T12:06:16.183Z ' INFO [cards,,] 1 --- [cards] [main] [                                                 ] com.javaexpress.cards.CardsApplication   : No active profile set, falling back to 1 default profile: "default"
2024-07-23T12:06:19.497Z ' INFO [cards,,] 1 --- [cards] [main] [                                                 ] .s.d.r.c.RepositoryConfigurationDelegate : Bootstrapping Spring Data JPA repositories in DEFAULT mode.
2024-07-23T12:06:19.816Z ' INFO [cards,,] 1 --- [cards] [main] [                                                 ] .s.d.r.c.RepositoryConfigurationDelegate : Finished Spring Data repository scanning in 297 ms. Found 1 JPA repository interface.
2024-07-23T12:06:20.660Z ' INFO [cards,,] 1 --- [cards] [main] [                                                 ] o.s.cloud.context.scope.GenericScope     : BeanFactory id=77adb0fd-d2b7-3f81-9a12-2eeaf8ee121b
2024-07-23T12:06:21.244Z ' WARN [cards,,] 1 --- [cards] [main] [                                                 ] trationDelegate$BeanPostProcessorChecker : Bean 'org.springframework.cloud.client.loadbalancer.LoadBalancerAutoConfiguration$DeferringLoadBalancerInterceptorConfig' of type [org.springframework.cloud.client.loadbalancer.LoadBalancerAutoConfiguration$DeferringLoadBalancerInterceptorConfig] is not eligible for getting processed by all BeanPostProcessors (for example: not eligible for auto-proxying). The currently created BeanPostProcessor [lbRestClientPostProcessor] is declared through a non-static factory method on that class; consider declaring it as static instead.
2024-07-23T12:06:21.254Z ' WARN [cards,,] 1 --- [cards] [main] [                                                 ] trationDelegate$BeanPostProcessorChecker : Bean 'deferringLoadBalancerInterceptor' of type [org.springframework.cloud.client.loadbalancer.DeferringLoadBalancerInterceptor] is not eligible for getting processed by all BeanPostProcessors (for example: not eligible for auto-proxying). Is this bean getting eagerly injected into a currently created BeanPostProcessor [lbRestClientPostProcessor]? Check the corresponding BeanPostProcessor declaration and its dependencies.
2024-07-23T12:06:21.915Z ' INFO [cards,,] 1 --- [cards] [main] [                                                 ] o.s.b.w.embedded.tomcat.TomcatWebServer  : Tomcat initialized with port 9004 (http)
2024-07-23T12:06:21.953Z ' INFO [cards,,] 1 --- [cards] [main] [                                                 ] o.apache.catalina.core.StandardService   : Starting service [Tomcat]
2024-07-23T12:06:21.957Z ' INFO [cards,,] 1 --- [cards] [main] [                                                 ] o.apache.catalina.core.StandardEngine    : Starting Servlet engine: [Apache Tomcat/10.1.25]
2024-07-23T12:06:22.043Z ' INFO [cards,,] 1 --- [cards] [main] [                                                 ] o.a.c.c.C.[Tomcat].[localhost].[/]       : Initializing Spring embedded WebApplicationContext
2024-07-23T12:06:22.072Z ' INFO [cards,,] 1 --- [cards] [main] [                                                 ] w.s.c.ServletWebServerApplicationContext : Root WebApplicationContext: initialization completed in 5461 ms
2024-07-23T12:06:23.699Z ' INFO [cards,,] 1 --- [cards] [main] [                                                 ] com.zaxxer.hikari.HikariDataSource       : HikariPool-1 - Starting...
2024-07-23T12:06:24.089Z ' INFO [cards,,] 1 --- [cards] [main] [                                                 ] com.zaxxer.hikari.pool.HikariPool        : HikariPool-1 - Added connection conn0: url=jdbc:h2:mem:cardsdb user=ADMIN
2024-07-23T12:06:24.093Z ' INFO [cards,,] 1 --- [cards] [main] [                                                 ] com.zaxxer.hikari.HikariDataSource       : HikariPool-1 - Start completed.
2024-07-23T12:06:24.139Z ' INFO [cards,,] 1 --- [cards] [main] [                                                 ] o.s.b.a.h2.H2ConsoleAutoConfiguration    : H2 console available at '/h2-console'. Database available at 'jdbc:h2:mem:cardsdb'
2024-07-23T12:06:24.896Z ' INFO [cards,,] 1 --- [cards] [main] [                                                 ] o.hibernate.jpa.internal.util.LogHelper  : HHH000204: Processing PersistenceUnitInfo [name: default]
2024-07-23T12:06:25.157Z ' INFO [cards,,] 1 --- [cards] [main] [                                                 ] org.hibernate.Version                    : HHH000412: Hibernate ORM core version 6.5.2.Final
2024-07-23T12:06:25.287Z ' INFO [cards,,] 1 --- [cards] [main] [                                                 ] o.h.c.internal.RegionFactoryInitiator    : HHH000026: Second-level cache disabled
2024-07-23T12:06:25.821Z ' INFO [cards,,] 1 --- [cards] [main] [                                                 ] o.s.o.j.p.SpringPersistenceUnitInfo      : No LoadTimeWeaver setup: ignoring JPA class transformer
2024-07-23T12:06:26.986Z ' INFO [cards,,] 1 --- [cards] [main] [                                                 ] o.h.e.t.j.p.i.JtaPlatformInitiator       : HHH000489: No JTA platform available (set 'hibernate.transaction.jta.platform' to enable JTA platform integration)
2024-07-23T12:06:27.027Z ' INFO [cards,,] 1 --- [cards] [main] [                                                 ] j.LocalContainerEntityManagerFactoryBean : Initialized JPA EntityManagerFactory for persistence unit 'default'
2024-07-23T12:06:27.680Z ' WARN [cards,,] 1 --- [cards] [main] [                                                 ] JpaBaseConfiguration$JpaWebConfiguration : spring.jpa.open-in-view is enabled by default. Therefore, database queries may be performed during view rendering. Explicitly configure spring.jpa.open-in-view to disable this warning
2024-07-23T12:06:27.796Z ' INFO [cards,,] 1 --- [cards] [main] [                                                 ] o.s.c.openfeign.FeignClientFactoryBean   : For 'LOANS' URL not provided. Will try picking an instance via load-balancing.
2024-07-23T12:06:29.229Z ' INFO [cards,,] 1 --- [cards] [main] [                                                 ] DiscoveryClientOptionalArgsConfiguration : Eureka HTTP Client uses RestTemplate.
2024-07-23T12:06:29.318Z ' WARN [cards,,] 1 --- [cards] [main] [                                                 ] iguration$LoadBalancerCaffeineWarnLogger : Spring Cloud LoadBalancer is currently working with the default cache. While this cache implementation is useful for development and tests, it's recommended to use Caffeine cache in production.You can switch to using Caffeine cache, by adding it and org.springframework.cache.caffeine.CaffeineCacheManager to the classpath.
2024-07-23T12:06:29.359Z ' INFO [cards,,] 1 --- [cards] [main] [                                                 ] o.s.b.a.e.web.EndpointLinksResolver      : Exposing 19 endpoints beneath base path '/actuator'
2024-07-23T12:06:29.491Z ' INFO [cards,,] 1 --- [cards] [main] [                                                 ] o.s.c.n.eureka.InstanceInfoFactory       : Setting initial instance status as: STARTING
2024-07-23T12:06:29.550Z ' INFO [cards,,] 1 --- [cards] [main] [                                                 ] com.netflix.discovery.DiscoveryClient    : Initializing Eureka in region us-east-1
2024-07-23T12:06:29.558Z ' INFO [cards,,] 1 --- [cards] [main] [                                                 ] c.n.d.s.r.aws.ConfigClusterResolver      : Resolving eureka endpoints via configuration
2024-07-23T12:06:29.568Z ' INFO [cards,,] 1 --- [cards] [main] [                                                 ] com.netflix.discovery.DiscoveryClient    : Disable delta property : false
2024-07-23T12:06:29.569Z ' INFO [cards,,] 1 --- [cards] [main] [                                                 ] com.netflix.discovery.DiscoveryClient    : Single vip registry refresh property : null
2024-07-23T12:06:29.572Z ' INFO [cards,,] 1 --- [cards] [main] [                                                 ] com.netflix.discovery.DiscoveryClient    : Force full registry fetch : false
2024-07-23T12:06:29.576Z ' INFO [cards,,] 1 --- [cards] [main] [                                                 ] com.netflix.discovery.DiscoveryClient    : Application is null : false
2024-07-23T12:06:29.576Z ' INFO [cards,,] 1 --- [cards] [main] [                                                 ] com.netflix.discovery.DiscoveryClient    : Registered Applications size is zero : true
2024-07-23T12:06:29.577Z ' INFO [cards,,] 1 --- [cards] [main] [                                                 ] com.netflix.discovery.DiscoveryClient    : Application version is -1: true
2024-07-23T12:06:29.577Z ' INFO [cards,,] 1 --- [cards] [main] [                                                 ] com.netflix.discovery.DiscoveryClient    : Getting all instance registry info from the eureka server
2024-07-23T12:06:29.916Z ' INFO [cards,,] 1 --- [cards] [main] [                                                 ] com.netflix.discovery.DiscoveryClient    : The response status is 200
2024-07-23T12:06:29.922Z ' INFO [cards,,] 1 --- [cards] [main] [                                                 ] com.netflix.discovery.DiscoveryClient    : Starting heartbeat executor: renew interval is: 30
2024-07-23T12:06:29.932Z ' INFO [cards,,] 1 --- [cards] [main] [                                                 ] c.n.discovery.InstanceInfoReplicator     : InstanceInfoReplicator onDemand update allowed rate per min is 4
2024-07-23T12:06:29.937Z ' INFO [cards,,] 1 --- [cards] [main] [                                                 ] com.netflix.discovery.DiscoveryClient    : Discovery Client initialized at timestamp 1721736389937 with initial instances count: 1
2024-07-23T12:06:29.951Z ' INFO [cards,,] 1 --- [cards] [main] [                                                 ] o.s.c.n.e.s.EurekaServiceRegistry        : Registering application CARDS with eureka with status UP
2024-07-23T12:06:29.956Z ' INFO [cards,,] 1 --- [cards] [main] [                                                 ] com.netflix.discovery.DiscoveryClient    : Saw local status change event StatusChangeEvent [timestamp=1721736389956, current=UP, previous=STARTING]
2024-07-23T12:06:29.961Z ' INFO [cards,,] 1 --- [cards] [DiscoveryClient-InstanceInfoReplicator-%d] [                                                 ] com.netflix.discovery.DiscoveryClient    : DiscoveryClient_CARDS/d42918c22263:cards:9004: registering service...
2024-07-23T12:06:30.014Z ' INFO [cards,,] 1 --- [cards] [main] [                                                 ] o.s.b.w.embedded.tomcat.TomcatWebServer  : Tomcat started on port 9004 (http) with context path '/'
2024-07-23T12:06:30.019Z ' INFO [cards,,] 1 --- [cards] [main] [                                                 ] .s.c.n.e.s.EurekaAutoServiceRegistration : Updating port to 9004
2024-07-23T12:06:30.032Z ' INFO [cards,,] 1 --- [cards] [DiscoveryClient-InstanceInfoReplicator-%d] [                                                 ] com.netflix.discovery.DiscoveryClient    : DiscoveryClient_CARDS/d42918c22263:cards:9004 - registration status: 204
2024-07-23T12:06:30.071Z ' INFO [cards,,] 1 --- [cards] [main] [                                                 ] com.javaexpress.cards.CardsApplication   : Started CardsApplication in 15.188 seconds (process running for 17.044)
2024-07-23T12:06:34.483Z ' INFO [cards,,] 1 --- [cards] [http-nio-9004-exec-1] [                                                 ] o.a.c.c.C.[Tomcat].[localhost].[/]       : Initializing Spring DispatcherServlet 'dispatcherServlet'
2024-07-23T12:06:34.485Z ' INFO [cards,,] 1 --- [cards] [http-nio-9004-exec-1] [                                                 ] o.s.web.servlet.DispatcherServlet        : Initializing Servlet 'dispatcherServlet'
2024-07-23T12:06:34.486Z ' INFO [cards,,] 1 --- [cards] [http-nio-9004-exec-1] [                                                 ] o.s.web.servlet.DispatcherServlet        : Completed initialization in 1 ms
2024-07-23T12:09:54.976Z ' INFO [cards,,] 1 --- [cards] [SpringApplicationShutdownHook] [                                                 ] o.s.c.n.e.s.EurekaServiceRegistry        : Unregistering application CARDS with eureka with status DOWN
2024-07-23T12:09:54.979Z ' INFO [cards,,] 1 --- [cards] [SpringApplicationShutdownHook] [                                                 ] com.netflix.discovery.DiscoveryClient    : Saw local status change event StatusChangeEvent [timestamp=1721736594979, current=DOWN, previous=UP]
2024-07-23T12:09:54.983Z ' INFO [cards,,] 1 --- [cards] [DiscoveryClient-InstanceInfoReplicator-%d] [                                                 ] com.netflix.discovery.DiscoveryClient    : DiscoveryClient_CARDS/d42918c22263:cards:9004: registering service...
2024-07-23T12:09:55.003Z ' INFO [cards,,] 1 --- [cards] [DiscoveryClient-InstanceInfoReplicator-%d] [                                                 ] com.netflix.discovery.DiscoveryClient    : DiscoveryClient_CARDS/d42918c22263:cards:9004 - registration status: 204
2024-07-23T12:09:55.023Z ' INFO [cards,,] 1 --- [cards] [SpringApplicationShutdownHook] [                                                 ] j.LocalContainerEntityManagerFactoryBean : Closing JPA EntityManagerFactory for persistence unit 'default'
2024-07-23T12:09:55.037Z ' INFO [cards,,] 1 --- [cards] [SpringApplicationShutdownHook] [                                                 ] com.zaxxer.hikari.HikariDataSource       : HikariPool-1 - Shutdown initiated...
2024-07-23T12:09:55.045Z ' INFO [cards,,] 1 --- [cards] [SpringApplicationShutdownHook] [                                                 ] com.zaxxer.hikari.HikariDataSource       : HikariPool-1 - Shutdown completed.
2024-07-23T12:09:55.641Z ' INFO [cards,,] 1 --- [cards] [SpringApplicationShutdownHook] [                                                 ] com.netflix.discovery.DiscoveryClient    : Shutting down DiscoveryClient ...
2024-07-23T12:09:58.642Z ' INFO [cards,,] 1 --- [cards] [SpringApplicationShutdownHook] [                                                 ] com.netflix.discovery.DiscoveryClient    : Unregistering ...
2024-07-23T12:09:58.653Z ' INFO [cards,,] 1 --- [cards] [SpringApplicationShutdownHook] [                                                 ] com.netflix.discovery.DiscoveryClient    : DiscoveryClient_CARDS/d42918c22263:cards:9004 - deregister  status: 200
2024-07-23T12:09:58.655Z ' INFO [cards,,] 1 --- [cards] [SpringApplicationShutdownHook] [                                                 ] com.netflix.discovery.DiscoveryClient    : Completed shut down of DiscoveryClient
2024-07-23T12:10:22.572Z ' INFO [cards,,] 1 --- [cards] [main] [                                                 ] com.javaexpress.cards.CardsApplication   : Starting CardsApplication v0.0.1-SNAPSHOT using Java 17.0.2 with PID 1 (/cards-0.0.1-SNAPSHOT.jar started by root in /)
2024-07-23T12:10:22.591Z ' INFO [cards,,] 1 --- [cards] [main] [                                                 ] com.javaexpress.cards.CardsApplication   : No active profile set, falling back to 1 default profile: "default"
2024-07-23T12:10:25.630Z ' INFO [cards,,] 1 --- [cards] [main] [                                                 ] .s.d.r.c.RepositoryConfigurationDelegate : Bootstrapping Spring Data JPA repositories in DEFAULT mode.
2024-07-23T12:10:26.216Z ' INFO [cards,,] 1 --- [cards] [main] [                                                 ] .s.d.r.c.RepositoryConfigurationDelegate : Finished Spring Data repository scanning in 494 ms. Found 1 JPA repository interface.
2024-07-23T12:10:27.109Z ' INFO [cards,,] 1 --- [cards] [main] [                                                 ] o.s.cloud.context.scope.GenericScope     : BeanFactory id=77adb0fd-d2b7-3f81-9a12-2eeaf8ee121b
2024-07-23T12:10:27.754Z ' WARN [cards,,] 1 --- [cards] [main] [                                                 ] trationDelegate$BeanPostProcessorChecker : Bean 'org.springframework.cloud.client.loadbalancer.LoadBalancerAutoConfiguration$DeferringLoadBalancerInterceptorConfig' of type [org.springframework.cloud.client.loadbalancer.LoadBalancerAutoConfiguration$DeferringLoadBalancerInterceptorConfig] is not eligible for getting processed by all BeanPostProcessors (for example: not eligible for auto-proxying). The currently created BeanPostProcessor [lbRestClientPostProcessor] is declared through a non-static factory method on that class; consider declaring it as static instead.
2024-07-23T12:10:27.772Z ' WARN [cards,,] 1 --- [cards] [main] [                                                 ] trationDelegate$BeanPostProcessorChecker : Bean 'deferringLoadBalancerInterceptor' of type [org.springframework.cloud.client.loadbalancer.DeferringLoadBalancerInterceptor] is not eligible for getting processed by all BeanPostProcessors (for example: not eligible for auto-proxying). Is this bean getting eagerly injected into a currently created BeanPostProcessor [lbRestClientPostProcessor]? Check the corresponding BeanPostProcessor declaration and its dependencies.
2024-07-23T12:10:28.418Z ' INFO [cards,,] 1 --- [cards] [main] [                                                 ] o.s.b.w.embedded.tomcat.TomcatWebServer  : Tomcat initialized with port 9004 (http)
2024-07-23T12:10:28.452Z ' INFO [cards,,] 1 --- [cards] [main] [                                                 ] o.apache.catalina.core.StandardService   : Starting service [Tomcat]
2024-07-23T12:10:28.455Z ' INFO [cards,,] 1 --- [cards] [main] [                                                 ] o.apache.catalina.core.StandardEngine    : Starting Servlet engine: [Apache Tomcat/10.1.25]
2024-07-23T12:10:28.516Z ' INFO [cards,,] 1 --- [cards] [main] [                                                 ] o.a.c.c.C.[Tomcat].[localhost].[/]       : Initializing Spring embedded WebApplicationContext
2024-07-23T12:10:28.522Z ' INFO [cards,,] 1 --- [cards] [main] [                                                 ] w.s.c.ServletWebServerApplicationContext : Root WebApplicationContext: initialization completed in 5610 ms
2024-07-23T12:10:29.833Z ' INFO [cards,,] 1 --- [cards] [main] [                                                 ] com.zaxxer.hikari.HikariDataSource       : HikariPool-1 - Starting...
2024-07-23T12:10:30.803Z ' INFO [cards,,] 1 --- [cards] [main] [                                                 ] com.zaxxer.hikari.pool.HikariPool        : HikariPool-1 - Added connection conn0: url=jdbc:h2:mem:cardsdb user=ADMIN
2024-07-23T12:10:30.813Z ' INFO [cards,,] 1 --- [cards] [main] [                                                 ] com.zaxxer.hikari.HikariDataSource       : HikariPool-1 - Start completed.
2024-07-23T12:10:30.848Z ' INFO [cards,,] 1 --- [cards] [main] [                                                 ] o.s.b.a.h2.H2ConsoleAutoConfiguration    : H2 console available at '/h2-console'. Database available at 'jdbc:h2:mem:cardsdb'
2024-07-23T12:10:31.463Z ' INFO [cards,,] 1 --- [cards] [main] [                                                 ] o.hibernate.jpa.internal.util.LogHelper  : HHH000204: Processing PersistenceUnitInfo [name: default]
2024-07-23T12:10:31.681Z ' INFO [cards,,] 1 --- [cards] [main] [                                                 ] org.hibernate.Version                    : HHH000412: Hibernate ORM core version 6.5.2.Final
2024-07-23T12:10:31.801Z ' INFO [cards,,] 1 --- [cards] [main] [                                                 ] o.h.c.internal.RegionFactoryInitiator    : HHH000026: Second-level cache disabled
2024-07-23T12:10:32.427Z ' INFO [cards,,] 1 --- [cards] [main] [                                                 ] o.s.o.j.p.SpringPersistenceUnitInfo      : No LoadTimeWeaver setup: ignoring JPA class transformer
2024-07-23T12:10:33.645Z ' INFO [cards,,] 1 --- [cards] [main] [                                                 ] o.h.e.t.j.p.i.JtaPlatformInitiator       : HHH000489: No JTA platform available (set 'hibernate.transaction.jta.platform' to enable JTA platform integration)
2024-07-23T12:10:33.727Z ' INFO [cards,,] 1 --- [cards] [main] [                                                 ] j.LocalContainerEntityManagerFactoryBean : Initialized JPA EntityManagerFactory for persistence unit 'default'
2024-07-23T12:10:34.835Z ' WARN [cards,,] 1 --- [cards] [main] [                                                 ] JpaBaseConfiguration$JpaWebConfiguration : spring.jpa.open-in-view is enabled by default. Therefore, database queries may be performed during view rendering. Explicitly configure spring.jpa.open-in-view to disable this warning
2024-07-23T12:10:35.040Z ' INFO [cards,,] 1 --- [cards] [main] [                                                 ] o.s.c.openfeign.FeignClientFactoryBean   : For 'LOANS' URL not provided. Will try picking an instance via load-balancing.
2024-07-23T12:10:36.548Z ' INFO [cards,,] 1 --- [cards] [main] [                                                 ] DiscoveryClientOptionalArgsConfiguration : Eureka HTTP Client uses RestTemplate.
2024-07-23T12:10:36.634Z ' WARN [cards,,] 1 --- [cards] [main] [                                                 ] iguration$LoadBalancerCaffeineWarnLogger : Spring Cloud LoadBalancer is currently working with the default cache. While this cache implementation is useful for development and tests, it's recommended to use Caffeine cache in production.You can switch to using Caffeine cache, by adding it and org.springframework.cache.caffeine.CaffeineCacheManager to the classpath.
2024-07-23T12:10:36.652Z ' INFO [cards,,] 1 --- [cards] [main] [                                                 ] o.s.b.a.e.web.EndpointLinksResolver      : Exposing 19 endpoints beneath base path '/actuator'
2024-07-23T12:10:36.807Z ' INFO [cards,,] 1 --- [cards] [main] [                                                 ] o.s.c.n.eureka.InstanceInfoFactory       : Setting initial instance status as: STARTING
2024-07-23T12:10:36.855Z ' INFO [cards,,] 1 --- [cards] [main] [                                                 ] com.netflix.discovery.DiscoveryClient    : Initializing Eureka in region us-east-1
2024-07-23T12:10:36.866Z ' INFO [cards,,] 1 --- [cards] [main] [                                                 ] c.n.d.s.r.aws.ConfigClusterResolver      : Resolving eureka endpoints via configuration
2024-07-23T12:10:36.883Z ' INFO [cards,,] 1 --- [cards] [main] [                                                 ] com.netflix.discovery.DiscoveryClient    : Disable delta property : false
2024-07-23T12:10:36.885Z ' INFO [cards,,] 1 --- [cards] [main] [                                                 ] com.netflix.discovery.DiscoveryClient    : Single vip registry refresh property : null
2024-07-23T12:10:36.886Z ' INFO [cards,,] 1 --- [cards] [main] [                                                 ] com.netflix.discovery.DiscoveryClient    : Force full registry fetch : false
2024-07-23T12:10:36.888Z ' INFO [cards,,] 1 --- [cards] [main] [                                                 ] com.netflix.discovery.DiscoveryClient    : Application is null : false
2024-07-23T12:10:36.890Z ' INFO [cards,,] 1 --- [cards] [main] [                                                 ] com.netflix.discovery.DiscoveryClient    : Registered Applications size is zero : true
2024-07-23T12:10:36.903Z ' INFO [cards,,] 1 --- [cards] [main] [                                                 ] com.netflix.discovery.DiscoveryClient    : Application version is -1: true
2024-07-23T12:10:36.904Z ' INFO [cards,,] 1 --- [cards] [main] [                                                 ] com.netflix.discovery.DiscoveryClient    : Getting all instance registry info from the eureka server
2024-07-23T12:10:37.321Z ' INFO [cards,,] 1 --- [cards] [main] [                                                 ] com.netflix.discovery.DiscoveryClient    : The response status is 200
2024-07-23T12:10:37.327Z ' INFO [cards,,] 1 --- [cards] [main] [                                                 ] com.netflix.discovery.DiscoveryClient    : Starting heartbeat executor: renew interval is: 30
2024-07-23T12:10:37.331Z ' INFO [cards,,] 1 --- [cards] [main] [                                                 ] c.n.discovery.InstanceInfoReplicator     : InstanceInfoReplicator onDemand update allowed rate per min is 4
2024-07-23T12:10:37.335Z ' INFO [cards,,] 1 --- [cards] [main] [                                                 ] com.netflix.discovery.DiscoveryClient    : Discovery Client initialized at timestamp 1721736637335 with initial instances count: 1
2024-07-23T12:10:37.352Z ' INFO [cards,,] 1 --- [cards] [main] [                                                 ] o.s.c.n.e.s.EurekaServiceRegistry        : Registering application CARDS with eureka with status UP
2024-07-23T12:10:37.355Z ' INFO [cards,,] 1 --- [cards] [main] [                                                 ] com.netflix.discovery.DiscoveryClient    : Saw local status change event StatusChangeEvent [timestamp=1721736637355, current=UP, previous=STARTING]
2024-07-23T12:10:37.368Z ' INFO [cards,,] 1 --- [cards] [DiscoveryClient-InstanceInfoReplicator-%d] [                                                 ] com.netflix.discovery.DiscoveryClient    : DiscoveryClient_CARDS/381a195ed209:cards:9004: registering service...
2024-07-23T12:10:37.433Z ' INFO [cards,,] 1 --- [cards] [main] [                                                 ] o.s.b.w.embedded.tomcat.TomcatWebServer  : Tomcat started on port 9004 (http) with context path '/'
2024-07-23T12:10:37.436Z ' INFO [cards,,] 1 --- [cards] [main] [                                                 ] .s.c.n.e.s.EurekaAutoServiceRegistration : Updating port to 9004
2024-07-23T12:10:37.447Z ' INFO [cards,,] 1 --- [cards] [DiscoveryClient-InstanceInfoReplicator-%d] [                                                 ] com.netflix.discovery.DiscoveryClient    : DiscoveryClient_CARDS/381a195ed209:cards:9004 - registration status: 204
2024-07-23T12:10:37.469Z ' INFO [cards,,] 1 --- [cards] [main] [                                                 ] com.javaexpress.cards.CardsApplication   : Started CardsApplication in 16.233 seconds (process running for 18.07)
2024-07-23T12:10:38.778Z ' INFO [cards,,] 1 --- [cards] [http-nio-9004-exec-1] [                                                 ] o.a.c.c.C.[Tomcat].[localhost].[/]       : Initializing Spring DispatcherServlet 'dispatcherServlet'
2024-07-23T12:10:38.779Z ' INFO [cards,,] 1 --- [cards] [http-nio-9004-exec-1] [                                                 ] o.s.web.servlet.DispatcherServlet        : Initializing Servlet 'dispatcherServlet'
2024-07-23T12:10:38.781Z ' INFO [cards,,] 1 --- [cards] [http-nio-9004-exec-1] [                                                 ] o.s.web.servlet.DispatcherServlet        : Completed initialization in 1 ms
2024-07-23T12:15:36.880Z ' INFO [cards,,] 1 --- [cards] [AsyncResolver-bootstrap-executor-%d] [                                                 ] c.n.d.s.r.aws.ConfigClusterResolver      : Resolving eureka endpoints via configuration
2024-07-23T12:20:36.877Z ' INFO [cards,,] 1 --- [cards] [AsyncResolver-bootstrap-executor-%d] [                                                 ] c.n.d.s.r.aws.ConfigClusterResolver      : Resolving eureka endpoints via configuration
2024-07-23T12:20:41.416Z ' INFO [cards,,] 1 --- [cards] [SpringApplicationShutdownHook] [                                                 ] o.s.c.n.e.s.EurekaServiceRegistry        : Unregistering application CARDS with eureka with status DOWN
2024-07-23T12:20:41.419Z ' INFO [cards,,] 1 --- [cards] [SpringApplicationShutdownHook] [                                                 ] com.netflix.discovery.DiscoveryClient    : Saw local status change event StatusChangeEvent [timestamp=1721737241419, current=DOWN, previous=UP]
2024-07-23T12:20:41.426Z ' INFO [cards,,] 1 --- [cards] [DiscoveryClient-InstanceInfoReplicator-%d] [                                                 ] com.netflix.discovery.DiscoveryClient    : DiscoveryClient_CARDS/381a195ed209:cards:9004: registering service...
2024-07-23T12:20:41.505Z ' INFO [cards,,] 1 --- [cards] [DiscoveryClient-InstanceInfoReplicator-%d] [                                                 ] com.netflix.discovery.DiscoveryClient    : DiscoveryClient_CARDS/381a195ed209:cards:9004 - registration status: 204
2024-07-23T12:20:41.515Z ' INFO [cards,,] 1 --- [cards] [SpringApplicationShutdownHook] [                                                 ] j.LocalContainerEntityManagerFactoryBean : Closing JPA EntityManagerFactory for persistence unit 'default'
2024-07-23T12:20:41.525Z ' INFO [cards,,] 1 --- [cards] [SpringApplicationShutdownHook] [                                                 ] com.zaxxer.hikari.HikariDataSource       : HikariPool-1 - Shutdown initiated...
2024-07-23T12:20:41.534Z ' INFO [cards,,] 1 --- [cards] [SpringApplicationShutdownHook] [                                                 ] com.zaxxer.hikari.HikariDataSource       : HikariPool-1 - Shutdown completed.
2024-07-23T12:20:41.597Z ' INFO [cards,,] 1 --- [cards] [SpringApplicationShutdownHook] [                                                 ] com.netflix.discovery.DiscoveryClient    : Shutting down DiscoveryClient ...
2024-07-23T12:20:44.600Z ' INFO [cards,,] 1 --- [cards] [SpringApplicationShutdownHook] [                                                 ] com.netflix.discovery.DiscoveryClient    : Unregistering ...
2024-07-23T12:20:44.626Z ' INFO [cards,,] 1 --- [cards] [SpringApplicationShutdownHook] [                                                 ] com.netflix.discovery.DiscoveryClient    : DiscoveryClient_CARDS/381a195ed209:cards:9004 - deregister  status: 200
2024-07-23T12:20:44.627Z ' INFO [cards,,] 1 --- [cards] [SpringApplicationShutdownHook] [                                                 ] com.netflix.discovery.DiscoveryClient    : Completed shut down of DiscoveryClient
