2024-07-23T12:06:16.192Z ' INFO [loans,,] 1 --- [loans] [main] [                                                 ] com.javaexpress.loans.LoansApplication   : Starting LoansApplication v0.0.1-SNAPSHOT using Java 17.0.2 with PID 1 (/loans-0.0.1-SNAPSHOT.jar started by root in /)
2024-07-23T12:06:16.208Z ' INFO [loans,,] 1 --- [loans] [main] [                                                 ] com.javaexpress.loans.LoansApplication   : No active profile set, falling back to 1 default profile: "default"
2024-07-23T12:06:19.408Z ' INFO [loans,,] 1 --- [loans] [main] [                                                 ] .s.d.r.c.RepositoryConfigurationDelegate : Bootstrapping Spring Data JPA repositories in DEFAULT mode.
2024-07-23T12:06:19.727Z ' INFO [loans,,] 1 --- [loans] [main] [                                                 ] .s.d.r.c.RepositoryConfigurationDelegate : Finished Spring Data repository scanning in 304 ms. Found 1 JPA repository interface.
2024-07-23T12:06:20.516Z ' INFO [loans,,] 1 --- [loans] [main] [                                                 ] o.s.cloud.context.scope.GenericScope     : BeanFactory id=64a5e8ad-d531-35c6-8113-f887052e79e0
2024-07-23T12:06:21.220Z ' WARN [loans,,] 1 --- [loans] [main] [                                                 ] trationDelegate$BeanPostProcessorChecker : Bean 'org.springframework.cloud.client.loadbalancer.LoadBalancerAutoConfiguration$DeferringLoadBalancerInterceptorConfig' of type [org.springframework.cloud.client.loadbalancer.LoadBalancerAutoConfiguration$DeferringLoadBalancerInterceptorConfig] is not eligible for getting processed by all BeanPostProcessors (for example: not eligible for auto-proxying). The currently created BeanPostProcessor [lbRestClientPostProcessor] is declared through a non-static factory method on that class; consider declaring it as static instead.
2024-07-23T12:06:21.239Z ' WARN [loans,,] 1 --- [loans] [main] [                                                 ] trationDelegate$BeanPostProcessorChecker : Bean 'deferringLoadBalancerInterceptor' of type [org.springframework.cloud.client.loadbalancer.DeferringLoadBalancerInterceptor] is not eligible for getting processed by all BeanPostProcessors (for example: not eligible for auto-proxying). Is this bean getting eagerly injected into a currently created BeanPostProcessor [lbRestClientPostProcessor]? Check the corresponding BeanPostProcessor declaration and its dependencies.
2024-07-23T12:06:22.039Z ' INFO [loans,,] 1 --- [loans] [main] [                                                 ] o.s.b.w.embedded.tomcat.TomcatWebServer  : Tomcat initialized with port 9005 (http)
2024-07-23T12:06:22.082Z ' INFO [loans,,] 1 --- [loans] [main] [                                                 ] o.apache.catalina.core.StandardService   : Starting service [Tomcat]
2024-07-23T12:06:22.091Z ' INFO [loans,,] 1 --- [loans] [main] [                                                 ] o.apache.catalina.core.StandardEngine    : Starting Servlet engine: [Apache Tomcat/10.1.25]
2024-07-23T12:06:22.167Z ' INFO [loans,,] 1 --- [loans] [main] [                                                 ] o.a.c.c.C.[Tomcat].[localhost].[/]       : Initializing Spring embedded WebApplicationContext
2024-07-23T12:06:22.178Z ' INFO [loans,,] 1 --- [loans] [main] [                                                 ] w.s.c.ServletWebServerApplicationContext : Root WebApplicationContext: initialization completed in 5631 ms
2024-07-23T12:06:23.735Z ' INFO [loans,,] 1 --- [loans] [main] [                                                 ] com.zaxxer.hikari.HikariDataSource       : HikariPool-1 - Starting...
2024-07-23T12:06:24.331Z ' INFO [loans,,] 1 --- [loans] [main] [                                                 ] com.zaxxer.hikari.pool.HikariPool        : HikariPool-1 - Added connection conn0: url=jdbc:h2:mem:loansdb user=ADMIN
2024-07-23T12:06:24.340Z ' INFO [loans,,] 1 --- [loans] [main] [                                                 ] com.zaxxer.hikari.HikariDataSource       : HikariPool-1 - Start completed.
2024-07-23T12:06:24.365Z ' INFO [loans,,] 1 --- [loans] [main] [                                                 ] o.s.b.a.h2.H2ConsoleAutoConfiguration    : H2 console available at '/h2-console'. Database available at 'jdbc:h2:mem:loansdb'
2024-07-23T12:06:25.346Z ' INFO [loans,,] 1 --- [loans] [main] [                                                 ] o.hibernate.jpa.internal.util.LogHelper  : HHH000204: Processing PersistenceUnitInfo [name: default]
2024-07-23T12:06:25.448Z ' INFO [loans,,] 1 --- [loans] [main] [                                                 ] org.hibernate.Version                    : HHH000412: Hibernate ORM core version 6.5.2.Final
2024-07-23T12:06:25.542Z ' INFO [loans,,] 1 --- [loans] [main] [                                                 ] o.h.c.internal.RegionFactoryInitiator    : HHH000026: Second-level cache disabled
2024-07-23T12:06:25.967Z ' INFO [loans,,] 1 --- [loans] [main] [                                                 ] o.s.o.j.p.SpringPersistenceUnitInfo      : No LoadTimeWeaver setup: ignoring JPA class transformer
2024-07-23T12:06:27.083Z ' INFO [loans,,] 1 --- [loans] [main] [                                                 ] o.h.e.t.j.p.i.JtaPlatformInitiator       : HHH000489: No JTA platform available (set 'hibernate.transaction.jta.platform' to enable JTA platform integration)
2024-07-23T12:06:27.152Z ' INFO [loans,,] 1 --- [loans] [main] [                                                 ] j.LocalContainerEntityManagerFactoryBean : Initialized JPA EntityManagerFactory for persistence unit 'default'
2024-07-23T12:06:27.698Z ' WARN [loans,,] 1 --- [loans] [main] [                                                 ] JpaBaseConfiguration$JpaWebConfiguration : spring.jpa.open-in-view is enabled by default. Therefore, database queries may be performed during view rendering. Explicitly configure spring.jpa.open-in-view to disable this warning
2024-07-23T12:06:29.049Z ' INFO [loans,,] 1 --- [loans] [main] [                                                 ] DiscoveryClientOptionalArgsConfiguration : Eureka HTTP Client uses RestTemplate.
2024-07-23T12:06:29.178Z ' WARN [loans,,] 1 --- [loans] [main] [                                                 ] iguration$LoadBalancerCaffeineWarnLogger : Spring Cloud LoadBalancer is currently working with the default cache. While this cache implementation is useful for development and tests, it's recommended to use Caffeine cache in production.You can switch to using Caffeine cache, by adding it and org.springframework.cache.caffeine.CaffeineCacheManager to the classpath.
2024-07-23T12:06:29.222Z ' INFO [loans,,] 1 --- [loans] [main] [                                                 ] o.s.b.a.e.web.EndpointLinksResolver      : Exposing 19 endpoints beneath base path '/actuator'
2024-07-23T12:06:29.429Z ' INFO [loans,,] 1 --- [loans] [main] [                                                 ] o.s.c.n.eureka.InstanceInfoFactory       : Setting initial instance status as: STARTING
2024-07-23T12:06:29.481Z ' INFO [loans,,] 1 --- [loans] [main] [                                                 ] com.netflix.discovery.DiscoveryClient    : Initializing Eureka in region us-east-1
2024-07-23T12:06:29.486Z ' INFO [loans,,] 1 --- [loans] [main] [                                                 ] c.n.d.s.r.aws.ConfigClusterResolver      : Resolving eureka endpoints via configuration
2024-07-23T12:06:29.503Z ' INFO [loans,,] 1 --- [loans] [main] [                                                 ] com.netflix.discovery.DiscoveryClient    : Disable delta property : false
2024-07-23T12:06:29.504Z ' INFO [loans,,] 1 --- [loans] [main] [                                                 ] com.netflix.discovery.DiscoveryClient    : Single vip registry refresh property : null
2024-07-23T12:06:29.507Z ' INFO [loans,,] 1 --- [loans] [main] [                                                 ] com.netflix.discovery.DiscoveryClient    : Force full registry fetch : false
2024-07-23T12:06:29.510Z ' INFO [loans,,] 1 --- [loans] [main] [                                                 ] com.netflix.discovery.DiscoveryClient    : Application is null : false
2024-07-23T12:06:29.513Z ' INFO [loans,,] 1 --- [loans] [main] [                                                 ] com.netflix.discovery.DiscoveryClient    : Registered Applications size is zero : true
2024-07-23T12:06:29.514Z ' INFO [loans,,] 1 --- [loans] [main] [                                                 ] com.netflix.discovery.DiscoveryClient    : Application version is -1: true
2024-07-23T12:06:29.517Z ' INFO [loans,,] 1 --- [loans] [main] [                                                 ] com.netflix.discovery.DiscoveryClient    : Getting all instance registry info from the eureka server
2024-07-23T12:06:29.864Z ' INFO [loans,,] 1 --- [loans] [main] [                                                 ] com.netflix.discovery.DiscoveryClient    : The response status is 200
2024-07-23T12:06:29.867Z ' INFO [loans,,] 1 --- [loans] [main] [                                                 ] com.netflix.discovery.DiscoveryClient    : Starting heartbeat executor: renew interval is: 30
2024-07-23T12:06:29.871Z ' INFO [loans,,] 1 --- [loans] [main] [                                                 ] c.n.discovery.InstanceInfoReplicator     : InstanceInfoReplicator onDemand update allowed rate per min is 4
2024-07-23T12:06:29.880Z ' INFO [loans,,] 1 --- [loans] [main] [                                                 ] com.netflix.discovery.DiscoveryClient    : Discovery Client initialized at timestamp 1721736389879 with initial instances count: 1
2024-07-23T12:06:29.896Z ' INFO [loans,,] 1 --- [loans] [main] [                                                 ] o.s.c.n.e.s.EurekaServiceRegistry        : Registering application LOANS with eureka with status UP
2024-07-23T12:06:29.908Z ' INFO [loans,,] 1 --- [loans] [main] [                                                 ] com.netflix.discovery.DiscoveryClient    : Saw local status change event StatusChangeEvent [timestamp=1721736389908, current=UP, previous=STARTING]
2024-07-23T12:06:29.913Z ' INFO [loans,,] 1 --- [loans] [DiscoveryClient-InstanceInfoReplicator-%d] [                                                 ] com.netflix.discovery.DiscoveryClient    : DiscoveryClient_LOANS/33a911e83e46:loans:9005: registering service...
2024-07-23T12:06:29.986Z ' INFO [loans,,] 1 --- [loans] [DiscoveryClient-InstanceInfoReplicator-%d] [                                                 ] com.netflix.discovery.DiscoveryClient    : DiscoveryClient_LOANS/33a911e83e46:loans:9005 - registration status: 204
2024-07-23T12:06:29.987Z ' INFO [loans,,] 1 --- [loans] [main] [                                                 ] o.s.b.w.embedded.tomcat.TomcatWebServer  : Tomcat started on port 9005 (http) with context path '/'
2024-07-23T12:06:29.991Z ' INFO [loans,,] 1 --- [loans] [main] [                                                 ] .s.c.n.e.s.EurekaAutoServiceRegistration : Updating port to 9005
2024-07-23T12:06:30.028Z ' INFO [loans,,] 1 --- [loans] [main] [                                                 ] com.javaexpress.loans.LoansApplication   : Started LoansApplication in 15.298 seconds (process running for 16.989)
2024-07-23T12:06:34.851Z ' INFO [loans,,] 1 --- [loans] [http-nio-9005-exec-1] [                                                 ] o.a.c.c.C.[Tomcat].[localhost].[/]       : Initializing Spring DispatcherServlet 'dispatcherServlet'
2024-07-23T12:06:34.853Z ' INFO [loans,,] 1 --- [loans] [http-nio-9005-exec-1] [                                                 ] o.s.web.servlet.DispatcherServlet        : Initializing Servlet 'dispatcherServlet'
2024-07-23T12:06:34.854Z ' INFO [loans,,] 1 --- [loans] [http-nio-9005-exec-1] [                                                 ] o.s.web.servlet.DispatcherServlet        : Completed initialization in 1 ms
2024-07-23T12:09:54.972Z ' INFO [loans,,] 1 --- [loans] [SpringApplicationShutdownHook] [                                                 ] o.s.c.n.e.s.EurekaServiceRegistry        : Unregistering application LOANS with eureka with status DOWN
2024-07-23T12:09:54.976Z ' INFO [loans,,] 1 --- [loans] [SpringApplicationShutdownHook] [                                                 ] com.netflix.discovery.DiscoveryClient    : Saw local status change event StatusChangeEvent [timestamp=1721736594976, current=DOWN, previous=UP]
2024-07-23T12:09:54.980Z ' INFO [loans,,] 1 --- [loans] [DiscoveryClient-InstanceInfoReplicator-%d] [                                                 ] com.netflix.discovery.DiscoveryClient    : DiscoveryClient_LOANS/33a911e83e46:loans:9005: registering service...
2024-07-23T12:09:54.998Z ' INFO [loans,,] 1 --- [loans] [DiscoveryClient-InstanceInfoReplicator-%d] [                                                 ] com.netflix.discovery.DiscoveryClient    : DiscoveryClient_LOANS/33a911e83e46:loans:9005 - registration status: 204
2024-07-23T12:09:54.999Z ' INFO [loans,,] 1 --- [loans] [SpringApplicationShutdownHook] [                                                 ] j.LocalContainerEntityManagerFactoryBean : Closing JPA EntityManagerFactory for persistence unit 'default'
2024-07-23T12:09:55.020Z ' INFO [loans,,] 1 --- [loans] [SpringApplicationShutdownHook] [                                                 ] com.zaxxer.hikari.HikariDataSource       : HikariPool-1 - Shutdown initiated...
2024-07-23T12:09:55.027Z ' INFO [loans,,] 1 --- [loans] [SpringApplicationShutdownHook] [                                                 ] com.zaxxer.hikari.HikariDataSource       : HikariPool-1 - Shutdown completed.
2024-07-23T12:09:55.707Z ' INFO [loans,,] 1 --- [loans] [SpringApplicationShutdownHook] [                                                 ] com.netflix.discovery.DiscoveryClient    : Shutting down DiscoveryClient ...
2024-07-23T12:09:58.708Z ' INFO [loans,,] 1 --- [loans] [SpringApplicationShutdownHook] [                                                 ] com.netflix.discovery.DiscoveryClient    : Unregistering ...
2024-07-23T12:09:58.714Z ' INFO [loans,,] 1 --- [loans] [SpringApplicationShutdownHook] [                                                 ] com.netflix.discovery.DiscoveryClient    : DiscoveryClient_LOANS/33a911e83e46:loans:9005 - deregister  status: 200
2024-07-23T12:09:58.715Z ' INFO [loans,,] 1 --- [loans] [SpringApplicationShutdownHook] [                                                 ] com.netflix.discovery.DiscoveryClient    : Completed shut down of DiscoveryClient
2024-07-23T12:10:23.097Z ' INFO [loans,,] 1 --- [loans] [main] [                                                 ] com.javaexpress.loans.LoansApplication   : Starting LoansApplication v0.0.1-SNAPSHOT using Java 17.0.2 with PID 1 (/loans-0.0.1-SNAPSHOT.jar started by root in /)
2024-07-23T12:10:23.117Z ' INFO [loans,,] 1 --- [loans] [main] [                                                 ] com.javaexpress.loans.LoansApplication   : No active profile set, falling back to 1 default profile: "default"
2024-07-23T12:10:26.341Z ' INFO [loans,,] 1 --- [loans] [main] [                                                 ] .s.d.r.c.RepositoryConfigurationDelegate : Bootstrapping Spring Data JPA repositories in DEFAULT mode.
2024-07-23T12:10:26.667Z ' INFO [loans,,] 1 --- [loans] [main] [                                                 ] .s.d.r.c.RepositoryConfigurationDelegate : Finished Spring Data repository scanning in 307 ms. Found 1 JPA repository interface.
2024-07-23T12:10:27.356Z ' INFO [loans,,] 1 --- [loans] [main] [                                                 ] o.s.cloud.context.scope.GenericScope     : BeanFactory id=64a5e8ad-d531-35c6-8113-f887052e79e0
2024-07-23T12:10:28.053Z ' WARN [loans,,] 1 --- [loans] [main] [                                                 ] trationDelegate$BeanPostProcessorChecker : Bean 'org.springframework.cloud.client.loadbalancer.LoadBalancerAutoConfiguration$DeferringLoadBalancerInterceptorConfig' of type [org.springframework.cloud.client.loadbalancer.LoadBalancerAutoConfiguration$DeferringLoadBalancerInterceptorConfig] is not eligible for getting processed by all BeanPostProcessors (for example: not eligible for auto-proxying). The currently created BeanPostProcessor [lbRestClientPostProcessor] is declared through a non-static factory method on that class; consider declaring it as static instead.
2024-07-23T12:10:28.071Z ' WARN [loans,,] 1 --- [loans] [main] [                                                 ] trationDelegate$BeanPostProcessorChecker : Bean 'deferringLoadBalancerInterceptor' of type [org.springframework.cloud.client.loadbalancer.DeferringLoadBalancerInterceptor] is not eligible for getting processed by all BeanPostProcessors (for example: not eligible for auto-proxying). Is this bean getting eagerly injected into a currently created BeanPostProcessor [lbRestClientPostProcessor]? Check the corresponding BeanPostProcessor declaration and its dependencies.
2024-07-23T12:10:28.942Z ' INFO [loans,,] 1 --- [loans] [main] [                                                 ] o.s.b.w.embedded.tomcat.TomcatWebServer  : Tomcat initialized with port 9005 (http)
2024-07-23T12:10:28.967Z ' INFO [loans,,] 1 --- [loans] [main] [                                                 ] o.apache.catalina.core.StandardService   : Starting service [Tomcat]
2024-07-23T12:10:28.969Z ' INFO [loans,,] 1 --- [loans] [main] [                                                 ] o.apache.catalina.core.StandardEngine    : Starting Servlet engine: [Apache Tomcat/10.1.25]
2024-07-23T12:10:29.056Z ' INFO [loans,,] 1 --- [loans] [main] [                                                 ] o.a.c.c.C.[Tomcat].[localhost].[/]       : Initializing Spring embedded WebApplicationContext
2024-07-23T12:10:29.058Z ' INFO [loans,,] 1 --- [loans] [main] [                                                 ] w.s.c.ServletWebServerApplicationContext : Root WebApplicationContext: initialization completed in 5585 ms
2024-07-23T12:10:30.925Z ' INFO [loans,,] 1 --- [loans] [main] [                                                 ] com.zaxxer.hikari.HikariDataSource       : HikariPool-1 - Starting...
2024-07-23T12:10:31.474Z ' INFO [loans,,] 1 --- [loans] [main] [                                                 ] com.zaxxer.hikari.pool.HikariPool        : HikariPool-1 - Added connection conn0: url=jdbc:h2:mem:loansdb user=ADMIN
2024-07-23T12:10:31.481Z ' INFO [loans,,] 1 --- [loans] [main] [                                                 ] com.zaxxer.hikari.HikariDataSource       : HikariPool-1 - Start completed.
2024-07-23T12:10:31.540Z ' INFO [loans,,] 1 --- [loans] [main] [                                                 ] o.s.b.a.h2.H2ConsoleAutoConfiguration    : H2 console available at '/h2-console'. Database available at 'jdbc:h2:mem:loansdb'
2024-07-23T12:10:32.444Z ' INFO [loans,,] 1 --- [loans] [main] [                                                 ] o.hibernate.jpa.internal.util.LogHelper  : HHH000204: Processing PersistenceUnitInfo [name: default]
2024-07-23T12:10:32.560Z ' INFO [loans,,] 1 --- [loans] [main] [                                                 ] org.hibernate.Version                    : HHH000412: Hibernate ORM core version 6.5.2.Final
2024-07-23T12:10:32.650Z ' INFO [loans,,] 1 --- [loans] [main] [                                                 ] o.h.c.internal.RegionFactoryInitiator    : HHH000026: Second-level cache disabled
2024-07-23T12:10:33.199Z ' INFO [loans,,] 1 --- [loans] [main] [                                                 ] o.s.o.j.p.SpringPersistenceUnitInfo      : No LoadTimeWeaver setup: ignoring JPA class transformer
2024-07-23T12:10:34.661Z ' INFO [loans,,] 1 --- [loans] [main] [                                                 ] o.h.e.t.j.p.i.JtaPlatformInitiator       : HHH000489: No JTA platform available (set 'hibernate.transaction.jta.platform' to enable JTA platform integration)
2024-07-23T12:10:34.777Z ' INFO [loans,,] 1 --- [loans] [main] [                                                 ] j.LocalContainerEntityManagerFactoryBean : Initialized JPA EntityManagerFactory for persistence unit 'default'
2024-07-23T12:10:35.598Z ' WARN [loans,,] 1 --- [loans] [main] [                                                 ] JpaBaseConfiguration$JpaWebConfiguration : spring.jpa.open-in-view is enabled by default. Therefore, database queries may be performed during view rendering. Explicitly configure spring.jpa.open-in-view to disable this warning
2024-07-23T12:10:36.953Z ' INFO [loans,,] 1 --- [loans] [main] [                                                 ] DiscoveryClientOptionalArgsConfiguration : Eureka HTTP Client uses RestTemplate.
2024-07-23T12:10:37.036Z ' WARN [loans,,] 1 --- [loans] [main] [                                                 ] iguration$LoadBalancerCaffeineWarnLogger : Spring Cloud LoadBalancer is currently working with the default cache. While this cache implementation is useful for development and tests, it's recommended to use Caffeine cache in production.You can switch to using Caffeine cache, by adding it and org.springframework.cache.caffeine.CaffeineCacheManager to the classpath.
2024-07-23T12:10:37.055Z ' INFO [loans,,] 1 --- [loans] [main] [                                                 ] o.s.b.a.e.web.EndpointLinksResolver      : Exposing 19 endpoints beneath base path '/actuator'
2024-07-23T12:10:37.174Z ' INFO [loans,,] 1 --- [loans] [main] [                                                 ] o.s.c.n.eureka.InstanceInfoFactory       : Setting initial instance status as: STARTING
2024-07-23T12:10:37.209Z ' INFO [loans,,] 1 --- [loans] [main] [                                                 ] com.netflix.discovery.DiscoveryClient    : Initializing Eureka in region us-east-1
2024-07-23T12:10:37.214Z ' INFO [loans,,] 1 --- [loans] [main] [                                                 ] c.n.d.s.r.aws.ConfigClusterResolver      : Resolving eureka endpoints via configuration
2024-07-23T12:10:37.230Z ' INFO [loans,,] 1 --- [loans] [main] [                                                 ] com.netflix.discovery.DiscoveryClient    : Disable delta property : false
2024-07-23T12:10:37.237Z ' INFO [loans,,] 1 --- [loans] [main] [                                                 ] com.netflix.discovery.DiscoveryClient    : Single vip registry refresh property : null
2024-07-23T12:10:37.244Z ' INFO [loans,,] 1 --- [loans] [main] [                                                 ] com.netflix.discovery.DiscoveryClient    : Force full registry fetch : false
2024-07-23T12:10:37.245Z ' INFO [loans,,] 1 --- [loans] [main] [                                                 ] com.netflix.discovery.DiscoveryClient    : Application is null : false
2024-07-23T12:10:37.246Z ' INFO [loans,,] 1 --- [loans] [main] [                                                 ] com.netflix.discovery.DiscoveryClient    : Registered Applications size is zero : true
2024-07-23T12:10:37.248Z ' INFO [loans,,] 1 --- [loans] [main] [                                                 ] com.netflix.discovery.DiscoveryClient    : Application version is -1: true
2024-07-23T12:10:37.268Z ' INFO [loans,,] 1 --- [loans] [main] [                                                 ] com.netflix.discovery.DiscoveryClient    : Getting all instance registry info from the eureka server
2024-07-23T12:10:37.659Z ' INFO [loans,,] 1 --- [loans] [main] [                                                 ] com.netflix.discovery.DiscoveryClient    : The response status is 200
2024-07-23T12:10:37.663Z ' INFO [loans,,] 1 --- [loans] [main] [                                                 ] com.netflix.discovery.DiscoveryClient    : Starting heartbeat executor: renew interval is: 30
2024-07-23T12:10:37.666Z ' INFO [loans,,] 1 --- [loans] [main] [                                                 ] c.n.discovery.InstanceInfoReplicator     : InstanceInfoReplicator onDemand update allowed rate per min is 4
2024-07-23T12:10:37.669Z ' INFO [loans,,] 1 --- [loans] [main] [                                                 ] com.netflix.discovery.DiscoveryClient    : Discovery Client initialized at timestamp 1721736637668 with initial instances count: 1
2024-07-23T12:10:37.675Z ' INFO [loans,,] 1 --- [loans] [main] [                                                 ] o.s.c.n.e.s.EurekaServiceRegistry        : Registering application LOANS with eureka with status UP
2024-07-23T12:10:37.678Z ' INFO [loans,,] 1 --- [loans] [main] [                                                 ] com.netflix.discovery.DiscoveryClient    : Saw local status change event StatusChangeEvent [timestamp=1721736637678, current=UP, previous=STARTING]
2024-07-23T12:10:37.686Z ' INFO [loans,,] 1 --- [loans] [DiscoveryClient-InstanceInfoReplicator-%d] [                                                 ] com.netflix.discovery.DiscoveryClient    : DiscoveryClient_LOANS/9327592bf862:loans:9005: registering service...
2024-07-23T12:10:37.729Z ' INFO [loans,,] 1 --- [loans] [main] [                                                 ] o.s.b.w.embedded.tomcat.TomcatWebServer  : Tomcat started on port 9005 (http) with context path '/'
2024-07-23T12:10:37.731Z ' INFO [loans,,] 1 --- [loans] [main] [                                                 ] .s.c.n.e.s.EurekaAutoServiceRegistration : Updating port to 9005
2024-07-23T12:10:37.773Z ' INFO [loans,,] 1 --- [loans] [DiscoveryClient-InstanceInfoReplicator-%d] [                                                 ] com.netflix.discovery.DiscoveryClient    : DiscoveryClient_LOANS/9327592bf862:loans:9005 - registration status: 204
2024-07-23T12:10:37.778Z ' INFO [loans,,] 1 --- [loans] [main] [                                                 ] com.javaexpress.loans.LoansApplication   : Started LoansApplication in 16.257 seconds (process running for 18.432)
2024-07-23T12:10:40.478Z ' INFO [loans,,] 1 --- [loans] [http-nio-9005-exec-1] [                                                 ] o.a.c.c.C.[Tomcat].[localhost].[/]       : Initializing Spring DispatcherServlet 'dispatcherServlet'
2024-07-23T12:10:40.479Z ' INFO [loans,,] 1 --- [loans] [http-nio-9005-exec-1] [                                                 ] o.s.web.servlet.DispatcherServlet        : Initializing Servlet 'dispatcherServlet'
2024-07-23T12:10:40.480Z ' INFO [loans,,] 1 --- [loans] [http-nio-9005-exec-1] [                                                 ] o.s.web.servlet.DispatcherServlet        : Completed initialization in 1 ms
2024-07-23T12:15:37.250Z ' INFO [loans,,] 1 --- [loans] [AsyncResolver-bootstrap-executor-%d] [                                                 ] c.n.d.s.r.aws.ConfigClusterResolver      : Resolving eureka endpoints via configuration
2024-07-23T12:20:37.245Z ' INFO [loans,,] 1 --- [loans] [AsyncResolver-bootstrap-executor-%d] [                                                 ] c.n.d.s.r.aws.ConfigClusterResolver      : Resolving eureka endpoints via configuration
2024-07-23T12:20:41.461Z ' INFO [loans,,] 1 --- [loans] [SpringApplicationShutdownHook] [                                                 ] o.s.c.n.e.s.EurekaServiceRegistry        : Unregistering application LOANS with eureka with status DOWN
2024-07-23T12:20:41.467Z ' INFO [loans,,] 1 --- [loans] [SpringApplicationShutdownHook] [                                                 ] com.netflix.discovery.DiscoveryClient    : Saw local status change event StatusChangeEvent [timestamp=1721737241467, current=DOWN, previous=UP]
2024-07-23T12:20:41.471Z ' INFO [loans,,] 1 --- [loans] [DiscoveryClient-InstanceInfoReplicator-%d] [                                                 ] com.netflix.discovery.DiscoveryClient    : DiscoveryClient_LOANS/9327592bf862:loans:9005: registering service...
2024-07-23T12:20:41.496Z ' INFO [loans,,] 1 --- [loans] [DiscoveryClient-InstanceInfoReplicator-%d] [                                                 ] com.netflix.discovery.DiscoveryClient    : DiscoveryClient_LOANS/9327592bf862:loans:9005 - registration status: 204
2024-07-23T12:20:41.526Z ' INFO [loans,,] 1 --- [loans] [SpringApplicationShutdownHook] [                                                 ] j.LocalContainerEntityManagerFactoryBean : Closing JPA EntityManagerFactory for persistence unit 'default'
2024-07-23T12:20:41.536Z ' INFO [loans,,] 1 --- [loans] [SpringApplicationShutdownHook] [                                                 ] com.zaxxer.hikari.HikariDataSource       : HikariPool-1 - Shutdown initiated...
2024-07-23T12:20:41.546Z ' INFO [loans,,] 1 --- [loans] [SpringApplicationShutdownHook] [                                                 ] com.zaxxer.hikari.HikariDataSource       : HikariPool-1 - Shutdown completed.
2024-07-23T12:20:41.955Z ' INFO [loans,,] 1 --- [loans] [SpringApplicationShutdownHook] [                                                 ] com.netflix.discovery.DiscoveryClient    : Shutting down DiscoveryClient ...
2024-07-23T12:20:44.956Z ' INFO [loans,,] 1 --- [loans] [SpringApplicationShutdownHook] [                                                 ] com.netflix.discovery.DiscoveryClient    : Unregistering ...
2024-07-23T12:20:44.969Z ' INFO [loans,,] 1 --- [loans] [SpringApplicationShutdownHook] [                                                 ] com.netflix.discovery.DiscoveryClient    : DiscoveryClient_LOANS/9327592bf862:loans:9005 - deregister  status: 200
2024-07-23T12:20:44.970Z ' INFO [loans,,] 1 --- [loans] [SpringApplicationShutdownHook] [                                                 ] com.netflix.discovery.DiscoveryClient    : Completed shut down of DiscoveryClient
